Running php-build composer
WARNING! Your password will be stored unencrypted in /home/runner/.docker/config.json.
Configure a credential helper to remove this warning. See
https://docs.docker.com/engine/reference/commandline/login/#credentials-store

Login Succeeded
Pulling docker.pkg.github.com/pluginsglpi/escalade/php-actions_composer_escalade:php-latest-build2.1.0
Error response from daemon: manifest unknown
Dockerfile:
FROM php:cli-alpine
RUN apk add --update --no-cache bash coreutils git make openssh patch unzip zip
#0 building with "default" instance using docker driver

#1 [internal] load build definition from Dockerfile-php-build
#1 transferring dockerfile: 147B done
#1 DONE 0.0s

#2 [auth] library/php:pull token for registry-1.docker.io
#2 DONE 0.0s

#3 [internal] load metadata for docker.io/library/php:cli-alpine
#3 DONE 0.3s

#4 [internal] load .dockerignore
#4 transferring context: 2B done
#4 DONE 0.0s

#5 importing cache manifest from docker.pkg.github.com/pluginsglpi/escalade/php-actions_composer_escalade:php-latest-build2.1.0
#5 ERROR: failed to configure registry cache importer: unexpected status from HEAD request to https://docker.pkg.github.com/v2/pluginsglpi/escalade/php-actions_composer_escalade/manifests/php-latest-build2.1.0: 401 Unauthorized

#6 [1/2] FROM docker.io/library/php:cli-alpine@sha256:d71287b85f521a68f6e5e5ada616ea3a52e15a49fc82cd59260af8d940916944
#6 resolve docker.io/library/php:cli-alpine@sha256:d71287b85f521a68f6e5e5ada616ea3a52e15a49fc82cd59260af8d940916944 done
#6 extracting sha256:3ae0d9dfc4dada15e6a030ba7b9c9a3b16f9f5a7597a4d46ff24226e91b91db7
#6 sha256:3ae0d9dfc4dada15e6a030ba7b9c9a3b16f9f5a7597a4d46ff24226e91b91db7 3.27MB / 3.27MB 0.1s done
#6 sha256:ce295ca8623e5dc914104e970c5496db996db5f2abb336389bcbadd10465d21d 941B / 941B 0.1s done
#6 sha256:60d3eb99f3c122bc8d6c22107602ed9c22fce771289b54bb2598142d1626f693 223B / 223B 0.1s done
#6 sha256:c683b07e94367b8215a0ccee2f58593839b995f7402a9632d33e859b209c6c45 0B / 499B 0.1s
#6 sha256:6e43c92d90fbef4adfc8584ac9d0217dd5eaea08ea883e91dea19de328c358d5 0B / 17.85MB 0.1s
#6 sha256:d71287b85f521a68f6e5e5ada616ea3a52e15a49fc82cd59260af8d940916944 1.86kB / 1.86kB done
#6 sha256:5f4f1ca642d758953bd8323c2fe5710f1788dd58cbbd21e8f10ae85b30cabd1b 8.98kB / 8.98kB done
#6 sha256:65cfaca9458603d6fd96c9abf37024e24ea6014e87e5561d2c87fd2d4146618c 0B / 12.50MB 0.1s
#6 extracting sha256:3ae0d9dfc4dada15e6a030ba7b9c9a3b16f9f5a7597a4d46ff24226e91b91db7 0.1s done
#6 sha256:c683b07e94367b8215a0ccee2f58593839b995f7402a9632d33e859b209c6c45 499B / 499B 0.1s done
#6 sha256:6e43c92d90fbef4adfc8584ac9d0217dd5eaea08ea883e91dea19de328c358d5 2.10MB / 17.85MB 0.2s
#6 sha256:65cfaca9458603d6fd96c9abf37024e24ea6014e87e5561d2c87fd2d4146618c 12.50MB / 12.50MB 0.2s
#6 sha256:dcf44c388abe54b9b53ee90c1b54a30334fa0560ee5278fcc6e9776f4c5e5b5f 2.20kB / 2.20kB done
#6 sha256:cf39c06bba01c28f1f33e07df742a744929fe64bc561e61b6dfad16791123e21 2.45kB / 2.45kB 0.2s done
#6 sha256:05acb718a956542f3f31fc2e800a6fb033ae32b30108190882ee76e4ca30fd75 0B / 19.71kB 0.2s
#6 extracting sha256:ce295ca8623e5dc914104e970c5496db996db5f2abb336389bcbadd10465d21d
#6 sha256:6e43c92d90fbef4adfc8584ac9d0217dd5eaea08ea883e91dea19de328c358d5 3.15MB / 17.85MB 0.3s
#6 sha256:65cfaca9458603d6fd96c9abf37024e24ea6014e87e5561d2c87fd2d4146618c 12.50MB / 12.50MB 0.2s done
#6 sha256:05acb718a956542f3f31fc2e800a6fb033ae32b30108190882ee76e4ca30fd75 19.71kB / 19.71kB 0.2s done
#6 extracting sha256:ce295ca8623e5dc914104e970c5496db996db5f2abb336389bcbadd10465d21d done
#6 extracting sha256:60d3eb99f3c122bc8d6c22107602ed9c22fce771289b54bb2598142d1626f693 done
#6 extracting sha256:65cfaca9458603d6fd96c9abf37024e24ea6014e87e5561d2c87fd2d4146618c 0.1s done
#6 extracting sha256:c683b07e94367b8215a0ccee2f58593839b995f7402a9632d33e859b209c6c45
#6 sha256:6e43c92d90fbef4adfc8584ac9d0217dd5eaea08ea883e91dea19de328c358d5 17.85MB / 17.85MB 0.5s
#6 extracting sha256:c683b07e94367b8215a0ccee2f58593839b995f7402a9632d33e859b209c6c45 done
#6 sha256:6e43c92d90fbef4adfc8584ac9d0217dd5eaea08ea883e91dea19de328c358d5 17.85MB / 17.85MB 0.5s done
#6 extracting sha256:6e43c92d90fbef4adfc8584ac9d0217dd5eaea08ea883e91dea19de328c358d5 0.1s
#6 extracting sha256:6e43c92d90fbef4adfc8584ac9d0217dd5eaea08ea883e91dea19de328c358d5 0.5s done
#6 extracting sha256:cf39c06bba01c28f1f33e07df742a744929fe64bc561e61b6dfad16791123e21
#6 extracting sha256:cf39c06bba01c28f1f33e07df742a744929fe64bc561e61b6dfad16791123e21 done
#6 extracting sha256:05acb718a956542f3f31fc2e800a6fb033ae32b30108190882ee76e4ca30fd75 done
#6 DONE 1.2s

#7 [2/2] RUN apk add --update --no-cache bash coreutils git make openssh patch unzip zip
#7 0.197 fetch https://dl-cdn.alpinelinux.org/alpine/v3.20/main/x86_64/APKINDEX.tar.gz
#7 0.297 fetch https://dl-cdn.alpinelinux.org/alpine/v3.20/community/x86_64/APKINDEX.tar.gz
#7 0.563 (1/24) Installing bash (5.2.26-r0)
#7 0.589 Executing bash-5.2.26-r0.post-install
#7 0.593 (2/24) Installing coreutils-env (9.5-r1)
#7 0.599 (3/24) Installing coreutils-fmt (9.5-r1)
#7 0.606 (4/24) Installing coreutils-sha512sum (9.5-r1)
#7 0.612 (5/24) Installing libattr (2.5.2-r0)
#7 0.619 (6/24) Installing skalibs (2.14.1.1-r0)
#7 0.627 (7/24) Installing utmps-libs (0.1.2.2-r1)
#7 0.633 (8/24) Installing coreutils (9.5-r1)
#7 0.661 (9/24) Installing libexpat (2.6.2-r0)
#7 0.669 (10/24) Installing pcre2 (10.43-r0)
#7 0.684 (11/24) Installing git (2.45.2-r0)
#7 0.771 (12/24) Installing git-init-template (2.45.2-r0)
#7 0.779 (13/24) Installing make (4.4.1-r2)
#7 0.787 (14/24) Installing openssh-keygen (9.7_p1-r4)
#7 0.798 (15/24) Installing libedit (20240517.3.1-r0)
#7 0.807 (16/24) Installing openssh-client-common (9.7_p1-r4)
#7 0.828 (17/24) Installing openssh-client-default (9.7_p1-r4)
#7 0.841 (18/24) Installing openssh-sftp-server (9.7_p1-r4)
#7 0.848 (19/24) Installing openssh-server-common (9.7_p1-r4)
#7 0.854 (20/24) Installing openssh-server (9.7_p1-r4)
#7 0.867 (21/24) Installing openssh (9.7_p1-r4)
#7 0.876 (22/24) Installing patch (2.7.6-r10)
#7 0.884 (23/24) Installing unzip (6.0-r14)
#7 0.895 (24/24) Installing zip (3.0-r12)
#7 0.905 Executing busybox-1.36.1-r29.trigger
#7 0.913 OK: 37 MiB in 63 packages
#7 DONE 1.0s

#8 exporting to image
#8 exporting layers
#8 exporting layers 0.9s done
#8 writing image sha256:8e90c30f65d4fda5ac6a2cce0a4c1a7a3cf7db1a19e2f28d15559c35be91672f done
#8 naming to docker.pkg.github.com/pluginsglpi/escalade/php-actions_composer_escalade:php-latest-build2.1.0 done
#8 DONE 1.0s
------
 > importing cache manifest from docker.pkg.github.com/pluginsglpi/escalade/php-actions_composer_escalade:php-latest-build2.1.0:
------
The push refers to repository [docker.pkg.github.com/pluginsglpi/escalade/php-actions_composer_escalade]
1db1b2f9ef51: Preparing
fef1318940db: Preparing
b6a9d04b5e56: Preparing
a9d70a2f9b81: Preparing
94436d0bd327: Preparing
005e398215fc: Preparing
44807cdd4189: Preparing
8081158e2862: Preparing
6331e293fc95: Preparing
78561cef0761: Preparing
005e398215fc: Waiting
44807cdd4189: Waiting
8081158e2862: Waiting
6331e293fc95: Waiting
78561cef0761: Waiting
denied: installation not allowed to Create organization package
WARNING: Failed to push Docker image to "docker.pkg.github.com/pluginsglpi/escalade/php-actions_composer_escalade:php-latest-build2.1.0", this is probably due to missing permissions on GitHub.
Will continue as this is just an optimization to improve speed of next build.
Docker tag: docker.pkg.github.com/pluginsglpi/escalade/php-actions_composer_escalade:php-latest-build2.1.0
No private keys supplied
Command: composer install --no-progress --no-interaction
Skipping env variable PWD
Skipping env variable HOME
Skipping env variable SHLVL
Skipping env variable PATH
